f:\github\c_code\lianxi\data structure\debug\vc142.pdb
f:\github\c_code\lianxi\data structure\debug\vc142.idb
f:\github\c_code\lianxi\data structure\debug\migong.obj
f:\github\c_code\lianxi\data structure\debug\6.14_1.obj
f:\github\c_code\lianxi\data structure\debug\6.13_1.obj
f:\github\c_code\lianxi\debug\data structure.exe
f:\github\c_code\lianxi\data structure\debug\data structure.ilk
f:\github\c_code\lianxi\debug\data structure.pdb
f:\github\c_code\lianxi\data structure\debug\6.13_1.obj.enc
f:\github\c_code\lianxi\data structure\debug\data structure.tlog\cl.command.1.tlog
f:\github\c_code\lianxi\data structure\debug\data structure.tlog\cl.read.1.tlog
f:\github\c_code\lianxi\data structure\debug\data structure.tlog\cl.write.1.tlog
f:\github\c_code\lianxi\data structure\debug\data structure.tlog\link.56716-cvtres.read.1.tlog
f:\github\c_code\lianxi\data structure\debug\data structure.tlog\link.56716-cvtres.write.1.tlog
f:\github\c_code\lianxi\data structure\debug\data structure.tlog\link.56716-rc.read.1.tlog
f:\github\c_code\lianxi\data structure\debug\data structure.tlog\link.56716-rc.write.1.tlog
f:\github\c_code\lianxi\data structure\debug\data structure.tlog\link.56716.read.1.tlog
f:\github\c_code\lianxi\data structure\debug\data structure.tlog\link.56716.write.1.tlog
f:\github\c_code\lianxi\data structure\debug\data structure.tlog\link.command.1.tlog
f:\github\c_code\lianxi\data structure\debug\data structure.tlog\link.read.1.tlog
f:\github\c_code\lianxi\data structure\debug\data structure.tlog\link.write.1.tlog
