f:\github\c_code\lianxi\lianxi\debug\vc142.pdb
f:\github\c_code\lianxi\lianxi\debug\vc142.idb
f:\github\c_code\lianxi\lianxi\debug\san shu pai xu.obj
f:\github\c_code\lianxi\lianxi\debug\san de bei shu.obj
f:\github\c_code\lianxi\lianxi\debug\liang shu zui da gong yue shu.obj
f:\github\c_code\lianxi\lianxi\debug\run nian.obj
f:\github\c_code\lianxi\lianxi\debug\shu 9 ge shu.obj
f:\github\c_code\lianxi\lianxi\debug\fen shu qiu he.obj
f:\github\c_code\lianxi\lianxi\debug\su shu.obj
f:\github\c_code\lianxi\lianxi\debug\qiu zui da zhi.obj
f:\github\c_code\lianxi\lianxi\debug\fan xiang shu chu.obj
f:\github\c_code\lianxi\lianxi\debug\4.9_4.obj
f:\github\c_code\lianxi\lianxi\debug\4.9_3.obj
f:\github\c_code\lianxi\lianxi\debug\4.9_2.obj
f:\github\c_code\lianxi\lianxi\debug\4.9_1.obj
f:\github\c_code\lianxi\lianxi\debug\99 biao.obj
f:\github\c_code\lianxi\lianxi\debug\zhuan huan zi fu.obj
f:\github\c_code\lianxi\lianxi\debug\fc su shu.obj
f:\github\c_code\lianxi\lianxi\debug\fc run nian.obj
f:\github\c_code\lianxi\lianxi\debug\fc jiaohaunshu.obj
f:\github\c_code\lianxi\lianxi\debug\fc cheng fa biao.obj
f:\github\c_code\lianxi\lianxi\debug\dgfc da yin mei yi wei.obj
f:\github\c_code\lianxi\lianxi\debug\dgfc  jie  chen.obj
f:\github\c_code\lianxi\lianxi\debug\dgfc stlren.obj
f:\github\c_code\lianxi\lianxi\debug\dgfc ni xu zi fu.obj
f:\github\c_code\lianxi\lianxi\debug\dgfc  jie  cheng.obj
f:\github\c_code\lianxi\lianxi\debug\4.7_1.obj
f:\github\c_code\lianxi\lianxi\debug\dgfc da yin mei yi wei.obj.enc
f:\github\c_code\lianxi\lianxi\debug\dgfc stlren.obj.enc
f:\github\c_code\lianxi\lianxi\debug\san shu pai xu.obj.enc
f:\github\c_code\lianxi\debug\lianxi.pdb
f:\github\c_code\lianxi\lianxi\debug\lianxi.tlog\cl.command.1.tlog
f:\github\c_code\lianxi\lianxi\debug\lianxi.tlog\cl.read.1.tlog
f:\github\c_code\lianxi\lianxi\debug\lianxi.tlog\cl.write.1.tlog
f:\github\c_code\lianxi\lianxi\debug\lianxi.tlog\link.61712-cvtres.read.1.tlog
f:\github\c_code\lianxi\lianxi\debug\lianxi.tlog\link.61712-cvtres.write.1.tlog
f:\github\c_code\lianxi\lianxi\debug\lianxi.tlog\link.61712-rc.read.1.tlog
f:\github\c_code\lianxi\lianxi\debug\lianxi.tlog\link.61712-rc.write.1.tlog
f:\github\c_code\lianxi\lianxi\debug\lianxi.tlog\link.61712.read.1.tlog
f:\github\c_code\lianxi\lianxi\debug\lianxi.tlog\link.61712.write.1.tlog
f:\github\c_code\lianxi\lianxi\debug\lianxi.tlog\link.command.1.tlog
f:\github\c_code\lianxi\lianxi\debug\lianxi.tlog\link.read.1.tlog
f:\github\c_code\lianxi\lianxi\debug\lianxi.tlog\link.write.1.tlog
